<?xml version="1.0" encoding="UTF-8" ?>
<testsuite tests="5" failures="0" name="rs2.com.maven.MavenProject.AppTest" time="0.002" errors="0" skipped="0">
  <properties>
[...]
</properties>
  <testcase classname="rs2.com.maven.MavenProject.AppTest" name="testApp" time="0.002"/>
  <testcase classname="rs2.com.maven.MavenProject.AppTest" name="testSummation_WithNegativeNumbers2" time="0"/>
  <testcase classname="rs2.com.maven.MavenProject.AppTest" name="testSummation_WithPositiveNumbers" time="0"/>
  <testcase classname="rs2.com.maven.MavenProject.AppTest" name="testSummation_WithNegativeAndPositiveNumber" time="0"/>
  <testcase classname="rs2.com.maven.MavenProject.AppTest" name="testSummation_WithNegativeNumbers" time="0"/>
</testsuite>